[INFO] EkranSerwer: [ Sun Apr 16 21:28:59 CEST 2023 ] Server running
[INFO] EkranSerwer: [ Sun Apr 16 21:29:30 CEST 2023 ] New thread called Thread-0 was created 
[INFO] BazaDanych: [ Sun Apr 16 21:29:31 CEST 2023 ] Login from: 127.0.0.1 Nickname: a
[INFO] EkranSerwer: [ Sun Apr 16 21:29:31 CEST 2023 ] New thread called Thread-2 was created 
[INFO] EkranSerwer: [ Sun Apr 16 21:29:31 CEST 2023 ] New thread called Thread-3 was created 
[INFO] EkranSerwer: [ Sun Apr 16 21:29:31 CEST 2023 ] New thread called Thread-4 was created 
[INFO] EkranSerwer: [ Sun Apr 16 21:29:39 CEST 2023 ] New thread called Thread-5 was created 
[INFO] EkranSerwer: [ Sun Apr 16 21:29:41 CEST 2023 ] New thread called Thread-6 was created 
[INFO] EkranSerwer: [ Sun Apr 16 21:29:43 CEST 2023 ] New thread called Thread-7 was created 
[INFO] EkranSerwer: [ Sun Apr 16 21:29:44 CEST 2023 ] New thread called Thread-8 was created 
[INFO] EkranSerwer: [ Sun Apr 16 21:29:45 CEST 2023 ] New thread called Thread-9 was created 
[INFO] EkranSerwer: [ Sun Apr 16 21:29:48 CEST 2023 ] New thread called Thread-10 was created 
[INFO] EkranSerwer: [ Sun Apr 16 21:29:49 CEST 2023 ] New thread called Thread-11 was created 
[INFO] EkranSerwer: [ Sun Apr 16 21:29:51 CEST 2023 ] New thread called Thread-12 was created 
[INFO] EkranSerwer: [ Sun Apr 16 21:29:54 CEST 2023 ] New thread called Thread-13 was created 
[INFO] EkranSerwer: [ Sun Apr 16 21:29:54 CEST 2023 ] New thread called Thread-14 was created 
[INFO] EkranSerwer: [ Sun Apr 16 21:29:57 CEST 2023 ] New thread called Thread-15 was created 
[INFO] EkranSerwer: [ Sun Apr 16 21:29:58 CEST 2023 ] New thread called Thread-16 was created 
[INFO] EkranSerwer: [ Sun Apr 16 21:29:58 CEST 2023 ] New thread called Thread-17 was created 
[INFO] EkranSerwer: [ Sun Apr 16 21:29:59 CEST 2023 ] New thread called Thread-18 was created 
[INFO] EkranSerwer: [ Sun Apr 16 21:30:00 CEST 2023 ] New thread called Thread-19 was created 
[INFO] EkranSerwer: [ Sun Apr 16 21:30:00 CEST 2023 ] New thread called Thread-20 was created 
[INFO] EkranSerwer: [ Sun Apr 16 21:30:01 CEST 2023 ] New thread called Thread-21 was created 
[INFO] EkranSerwer: [ Sun Apr 16 21:30:01 CEST 2023 ] New thread called Thread-22 was created 
[INFO] EkranSerwer: [ Sun Apr 16 21:30:02 CEST 2023 ] New thread called Thread-23 was created 
[INFO] EkranSerwer: [ Sun Apr 16 21:30:02 CEST 2023 ] New thread called Thread-24 was created 
[INFO] EkranSerwer: [ Sun Apr 16 21:30:03 CEST 2023 ] New thread called Thread-25 was created 
[INFO] EkranSerwer: [ Sun Apr 16 21:30:03 CEST 2023 ] New thread called Thread-26 was created 
[INFO] EkranSerwer: [ Sun Apr 16 21:30:05 CEST 2023 ] New thread called Thread-27 was created 
[INFO] EkranSerwer: [ Sun Apr 16 21:30:07 CEST 2023 ] New thread called Thread-28 was created 
[INFO] EkranSerwer: [ Sun Apr 16 21:30:07 CEST 2023 ] New thread called Thread-29 was created 
[INFO] EkranSerwer: [ Sun Apr 16 21:30:10 CEST 2023 ] New thread called Thread-30 was created 
[ERROR] BazaDanych: [ Sun Apr 16 21:30:10 CEST 2023 ] ORA-00955: nazwa jest już używana przez istniejący obiekt

[INFO] EkranSerwer: [ Sun Apr 16 21:30:14 CEST 2023 ] New thread called Thread-31 was created 
[ERROR] BazaDanych: [ Sun Apr 16 21:30:14 CEST 2023 ] ORA-00955: nazwa jest już używana przez istniejący obiekt

[INFO] EkranSerwer: [ Sun Apr 16 21:30:16 CEST 2023 ] New thread called Thread-32 was created 
[INFO] BazaDanych: [ Sun Apr 16 21:30:16 CEST 2023 ] Logout from: 127.0.0.1 Nickname: a
[INFO] EkranSerwer: [ Sun Apr 16 21:30:22 CEST 2023 ] New thread called Thread-33 was created 
[INFO] BazaDanych: [ Sun Apr 16 21:30:22 CEST 2023 ] Login from: 127.0.0.1 Nickname: Jakis
[INFO] EkranSerwer: [ Sun Apr 16 21:30:23 CEST 2023 ] New thread called Thread-34 was created 
[INFO] EkranSerwer: [ Sun Apr 16 21:30:26 CEST 2023 ] New thread called Thread-35 was created 
[INFO] EkranSerwer: [ Sun Apr 16 21:30:28 CEST 2023 ] New thread called Thread-36 was created 
[INFO] EkranSerwer: [ Sun Apr 16 21:30:28 CEST 2023 ] New thread called Thread-37 was created 
[INFO] EkranSerwer: [ Sun Apr 16 21:31:00 CEST 2023 ] New thread called Thread-38 was created 
[INFO] BazaDanych: [ Sun Apr 16 21:31:00 CEST 2023 ] Logout from: 127.0.0.1 Nickname: Jakis
[INFO] EkranSerwer: [ Sun Apr 16 21:31:26 CEST 2023 ] New IP: 192.168.0.15 for connection to database was set
[INFO] EkranSerwer: [ Sun Apr 16 21:31:46 CEST 2023 ] New thread called Thread-39 was created 
[FATAL] EkranSerwer: [ Sun Apr 16 21:31:48 CEST 2023 ] Database no connection
[ERROR] EkranSerwer: [ Sun Apr 16 21:31:48 CEST 2023 ] Unexpected event
[FATAL] BazaDanych: [ Sun Apr 16 21:31:48 CEST 2023 ] Błąd we-wy: Socket read interrupted, socket connect lapse 2005 ms. 192.168.0.15 1521  0 (1/1) true, Authentication lapse 0 ms.
[INFO] EkranSerwer: [ Sun Apr 16 21:31:56 CEST 2023 ] New IP: 192.168.0.12 for connection to database was set
[INFO] EkranSerwer: [ Sun Apr 16 21:32:01 CEST 2023 ] New thread called Thread-40 was created 
[INFO] BazaDanych: [ Sun Apr 16 21:32:01 CEST 2023 ] Login from: 192.168.0.12 Nickname: a
[INFO] EkranSerwer: [ Sun Apr 16 21:32:02 CEST 2023 ] New thread called Thread-41 was created 
[INFO] EkranSerwer: [ Sun Apr 16 21:32:02 CEST 2023 ] New thread called Thread-42 was created 
[INFO] EkranSerwer: [ Sun Apr 16 21:32:02 CEST 2023 ] New thread called Thread-43 was created 
[INFO] EkranSerwer: [ Sun Apr 16 21:32:09 CEST 2023 ] New IP: 192.168.0.15 for connection to database was set
[INFO] EkranSerwer: [ Sun Apr 16 21:32:11 CEST 2023 ] New thread called Thread-44 was created 
[FATAL] EkranSerwer: [ Sun Apr 16 21:32:13 CEST 2023 ] Database no connection
[ERROR] EkranSerwer: [ Sun Apr 16 21:32:13 CEST 2023 ] Unexpected event
[FATAL] BazaDanych: [ Sun Apr 16 21:32:13 CEST 2023 ] Błąd we-wy: Socket read interrupted, socket connect lapse 2015 ms. 192.168.0.15 1521  0 (1/1) true, Authentication lapse 0 ms.
[INFO] EkranSerwer: [ Sun Apr 16 21:32:15 CEST 2023 ] New thread called Thread-45 was created 
[FATAL] EkranSerwer: [ Sun Apr 16 21:32:17 CEST 2023 ] Database no connection
[ERROR] EkranSerwer: [ Sun Apr 16 21:32:17 CEST 2023 ] Unexpected event
[FATAL] BazaDanych: [ Sun Apr 16 21:32:17 CEST 2023 ] Błąd we-wy: Socket read interrupted, socket connect lapse 2002 ms. 192.168.0.15 1521  0 (1/1) true, Authentication lapse 0 ms.
[INFO] EkranSerwer: [ Sun Apr 16 21:32:30 CEST 2023 ] New IP: 192.168.0.12 for connection to database was set
[INFO] EkranSerwer: [ Sun Apr 16 21:32:32 CEST 2023 ] New thread called Thread-46 was created 
[INFO] BazaDanych: [ Sun Apr 16 21:32:32 CEST 2023 ] Logout from: 192.168.0.12 Nickname: a
[INFO] EkranSerwer: [ Sun Apr 16 21:32:50 CEST 2023 ] New thread called Thread-47 was created 
[INFO] BazaDanych: [ Sun Apr 16 21:32:50 CEST 2023 ] Register from: 192.168.0.12 Nickname: Kontozmiany
[INFO] EkranSerwer: [ Sun Apr 16 21:32:57 CEST 2023 ] New thread called Thread-48 was created 
[INFO] BazaDanych: [ Sun Apr 16 21:32:57 CEST 2023 ] Login from: 192.168.0.12 Nickname: Kontozmiany
[INFO] EkranSerwer: [ Sun Apr 16 21:32:57 CEST 2023 ] New thread called Thread-49 was created 
[INFO] EkranSerwer: [ Sun Apr 16 21:32:59 CEST 2023 ] New thread called Thread-50 was created 
[INFO] EkranSerwer: [ Sun Apr 16 21:33:02 CEST 2023 ] New thread called Thread-51 was created 
[INFO] EkranSerwer: [ Sun Apr 16 21:33:02 CEST 2023 ] New thread called Thread-52 was created 
[INFO] EkranSerwer: [ Sun Apr 16 21:33:05 CEST 2023 ] New thread called Thread-53 was created 
[INFO] EkranSerwer: [ Sun Apr 16 21:33:06 CEST 2023 ] New thread called Thread-54 was created 
[INFO] EkranSerwer: [ Sun Apr 16 21:33:06 CEST 2023 ] New thread called Thread-55 was created 
[INFO] EkranSerwer: [ Sun Apr 16 21:33:06 CEST 2023 ] New thread called Thread-56 was created 
[INFO] BazaDanych: [ Sun Apr 16 21:33:06 CEST 2023 ] New DVD reservation
[INFO] EkranSerwer: [ Sun Apr 16 21:33:07 CEST 2023 ] New thread called Thread-57 was created 
[INFO] BazaDanych: [ Sun Apr 16 21:33:07 CEST 2023 ] Changed count of DVD 20
[INFO] EkranSerwer: [ Sun Apr 16 21:33:07 CEST 2023 ] New thread called Thread-58 was created 
[INFO] EkranSerwer: [ Sun Apr 16 21:33:10 CEST 2023 ] New thread called Thread-59 was created 
[INFO] BazaDanych: [ Sun Apr 16 21:33:10 CEST 2023 ] Logout from: 192.168.0.12 Nickname: Kontozmiany
[INFO] EkranSerwer: [ Sun Apr 16 21:33:14 CEST 2023 ] New thread called Thread-60 was created 
[INFO] BazaDanych: [ Sun Apr 16 21:33:14 CEST 2023 ] Login from: 192.168.0.12 Nickname: a
[INFO] EkranSerwer: [ Sun Apr 16 21:33:15 CEST 2023 ] New thread called Thread-61 was created 
[INFO] EkranSerwer: [ Sun Apr 16 21:33:15 CEST 2023 ] New thread called Thread-62 was created 
[INFO] EkranSerwer: [ Sun Apr 16 21:33:15 CEST 2023 ] New thread called Thread-63 was created 
[INFO] EkranSerwer: [ Sun Apr 16 21:33:20 CEST 2023 ] New thread called Thread-64 was created 
[INFO] EkranSerwer: [ Sun Apr 16 21:33:22 CEST 2023 ] New thread called Thread-65 was created 
[INFO] EkranSerwer: [ Sun Apr 16 21:33:30 CEST 2023 ] New thread called Thread-66 was created 
[INFO] EkranSerwer: [ Sun Apr 16 21:33:32 CEST 2023 ] New thread called Thread-67 was created 
[INFO] EkranSerwer: [ Sun Apr 16 21:33:32 CEST 2023 ] New thread called Thread-68 was created 
[INFO] EkranSerwer: [ Sun Apr 16 21:33:32 CEST 2023 ] New thread called Thread-69 was created 
[INFO] BazaDanych: [ Sun Apr 16 21:33:32 CEST 2023 ] User 101 Rented DVD 20
[INFO] EkranSerwer: [ Sun Apr 16 21:33:32 CEST 2023 ] New thread called Thread-70 was created 
[INFO] BazaDanych: [ Sun Apr 16 21:33:32 CEST 2023 ] Deleted reservation for DVD: 20 reservation by user: 101
[INFO] EkranSerwer: [ Sun Apr 16 21:33:33 CEST 2023 ] New thread called Thread-71 was created 
[INFO] EkranSerwer: [ Sun Apr 16 21:33:35 CEST 2023 ] New thread called Thread-72 was created 
[INFO] BazaDanych: [ Sun Apr 16 21:33:35 CEST 2023 ] Logout from: 192.168.0.12 Nickname: a
[INFO] EkranSerwer: [ Sun Apr 16 21:34:01 CEST 2023 ] New thread called Thread-73 was created 
[INFO] EkranSerwer: [ Sun Apr 16 21:34:01 CEST 2023 ] Account recovery from: 192.168.0.12 Nickname: a
[INFO] BazaDanych: [ Sun Apr 16 21:34:01 CEST 2023 ] Recovered password
[INFO] EkranSerwer: [ Sun Apr 16 21:34:10 CEST 2023 ] New thread called Thread-74 was created 
[INFO] BazaDanych: [ Sun Apr 16 21:34:10 CEST 2023 ] Login from: 192.168.0.12 Nickname: Kontozmiany
[INFO] EkranSerwer: [ Sun Apr 16 21:34:11 CEST 2023 ] New thread called Thread-75 was created 
[INFO] EkranSerwer: [ Sun Apr 16 21:34:12 CEST 2023 ] New thread called Thread-76 was created 
[INFO] EkranSerwer: [ Sun Apr 16 21:34:12 CEST 2023 ] New thread called Thread-77 was created 
[INFO] EkranSerwer: [ Sun Apr 16 21:34:15 CEST 2023 ] New thread called Thread-78 was created 
[INFO] EkranSerwer: [ Sun Apr 16 21:34:15 CEST 2023 ] New thread called Thread-79 was created 
[INFO] EkranSerwer: [ Sun Apr 16 21:34:17 CEST 2023 ] New thread called Thread-80 was created 
[INFO] EkranSerwer: [ Sun Apr 16 21:34:19 CEST 2023 ] New thread called Thread-81 was created 
[INFO] EkranSerwer: [ Sun Apr 16 21:34:20 CEST 2023 ] New thread called Thread-82 was created 
[INFO] EkranSerwer: [ Sun Apr 16 21:34:23 CEST 2023 ] New thread called Thread-83 was created 
[INFO] BazaDanych: [ Sun Apr 16 21:34:23 CEST 2023 ] Logout from: 192.168.0.12 Nickname: Kontozmiany
[INFO] EkranSerwer: [ Sun Apr 16 21:34:26 CEST 2023 ] Server shutdown
[INFO] EkranSerwer: [ Sun Apr 16 22:14:53 CEST 2023 ] Server running
[INFO] EkranSerwer: [ Sun Apr 16 22:14:56 CEST 2023 ] New thread called Thread-0 was created 
[INFO] EkranSerwer: [ Sun Apr 16 22:14:57 CEST 2023 ] Thread called Thread-0 was deleted 
[INFO] EkranSerwer: [ Sun Apr 16 22:14:57 CEST 2023 ] Server shutdown
[INFO] EkranSerwer: [ Sun Apr 16 22:16:08 CEST 2023 ] Server running
[INFO] EkranSerwer: [ Sun Apr 16 22:16:10 CEST 2023 ] New thread called Thread-0 was created 
[INFO] BazaDanych: [ Sun Apr 16 22:16:11 CEST 2023 ] Login from: 127.0.0.1 Nickname: a
[INFO] EkranSerwer: [ Sun Apr 16 22:16:11 CEST 2023 ] New thread called Thread-2 was created 
[INFO] EkranSerwer: [ Sun Apr 16 22:16:12 CEST 2023 ] New thread called Thread-3 was created 
[INFO] EkranSerwer: [ Sun Apr 16 22:16:12 CEST 2023 ] New thread called Thread-4 was created 
[INFO] EkranSerwer: [ Sun Apr 16 22:16:14 CEST 2023 ] New thread called Thread-5 was created 
[INFO] EkranSerwer: [ Sun Apr 16 22:16:15 CEST 2023 ] New thread called Thread-6 was created 
[INFO] EkranSerwer: [ Sun Apr 16 22:16:15 CEST 2023 ] New thread called Thread-7 was created 
[INFO] EkranSerwer: [ Sun Apr 16 22:16:15 CEST 2023 ] New thread called Thread-8 was created 
[INFO] BazaDanych: [ Sun Apr 16 22:16:15 CEST 2023 ] User 10 Rented DVD 24
[INFO] EkranSerwer: [ Sun Apr 16 22:16:15 CEST 2023 ] New thread called Thread-9 was created 
[INFO] BazaDanych: [ Sun Apr 16 22:16:15 CEST 2023 ] Deleted reservation for DVD: 24 reservation by user: 10
[INFO] EkranSerwer: [ Sun Apr 16 22:16:16 CEST 2023 ] New thread called Thread-10 was created 
[INFO] EkranSerwer: [ Sun Apr 16 22:16:18 CEST 2023 ] New thread called Thread-11 was created 
[INFO] EkranSerwer: [ Sun Apr 16 22:16:19 CEST 2023 ] New thread called Thread-12 was created 
[INFO] EkranSerwer: [ Sun Apr 16 22:16:19 CEST 2023 ] New thread called Thread-13 was created 
[INFO] EkranSerwer: [ Sun Apr 16 22:16:20 CEST 2023 ] New thread called Thread-14 was created 
[INFO] EkranSerwer: [ Sun Apr 16 22:16:20 CEST 2023 ] New thread called Thread-15 was created 
[INFO] EkranSerwer: [ Sun Apr 16 22:16:21 CEST 2023 ] New thread called Thread-16 was created 
[INFO] EkranSerwer: [ Sun Apr 16 22:16:22 CEST 2023 ] New thread called Thread-17 was created 
[INFO] BazaDanych: [ Sun Apr 16 22:16:22 CEST 2023 ] Logout from: 127.0.0.1 Nickname: a
[INFO] EkranSerwer: [ Sun Apr 16 22:16:25 CEST 2023 ] New thread called Thread-18 was created 
[INFO] EkranSerwer: [ Sun Apr 16 22:16:25 CEST 2023 ] Thread called Thread-0 was deleted 
[INFO] EkranSerwer: [ Sun Apr 16 22:16:25 CEST 2023 ] Thread called Thread-2 was deleted 
[INFO] EkranSerwer: [ Sun Apr 16 22:16:25 CEST 2023 ] Thread called Thread-3 was deleted 
[INFO] EkranSerwer: [ Sun Apr 16 22:16:25 CEST 2023 ] Thread called Thread-4 was deleted 
[INFO] EkranSerwer: [ Sun Apr 16 22:16:25 CEST 2023 ] Thread called Thread-5 was deleted 
[INFO] EkranSerwer: [ Sun Apr 16 22:16:25 CEST 2023 ] Thread called Thread-6 was deleted 
[INFO] EkranSerwer: [ Sun Apr 16 22:16:25 CEST 2023 ] Thread called Thread-7 was deleted 
[INFO] EkranSerwer: [ Sun Apr 16 22:16:25 CEST 2023 ] Thread called Thread-8 was deleted 
[INFO] EkranSerwer: [ Sun Apr 16 22:16:25 CEST 2023 ] Thread called Thread-9 was deleted 
[INFO] EkranSerwer: [ Sun Apr 16 22:16:25 CEST 2023 ] Thread called Thread-10 was deleted 
[INFO] EkranSerwer: [ Sun Apr 16 22:16:25 CEST 2023 ] Thread called Thread-11 was deleted 
[INFO] EkranSerwer: [ Sun Apr 16 22:16:25 CEST 2023 ] Thread called Thread-12 was deleted 
[INFO] EkranSerwer: [ Sun Apr 16 22:16:25 CEST 2023 ] Thread called Thread-13 was deleted 
[INFO] EkranSerwer: [ Sun Apr 16 22:16:25 CEST 2023 ] Thread called Thread-14 was deleted 
[INFO] EkranSerwer: [ Sun Apr 16 22:16:25 CEST 2023 ] Thread called Thread-15 was deleted 
[INFO] EkranSerwer: [ Sun Apr 16 22:16:25 CEST 2023 ] Thread called Thread-16 was deleted 
[INFO] EkranSerwer: [ Sun Apr 16 22:16:25 CEST 2023 ] Thread called Thread-17 was deleted 
[INFO] EkranSerwer: [ Sun Apr 16 22:16:25 CEST 2023 ] Thread called Thread-18 was deleted 
[INFO] EkranSerwer: [ Sun Apr 16 22:16:25 CEST 2023 ] Server shutdown
[INFO] EkranSerwer: [ Sun Apr 16 22:25:14 CEST 2023 ] Server running
[INFO] EkranSerwer: [ Sun Apr 16 22:27:49 CEST 2023 ] New thread called Thread-0 was created 
[INFO] BazaDanych: [ Sun Apr 16 22:27:50 CEST 2023 ] Unsuccessfull login try from: 192.168.0.12 Nickname: a
[INFO] EkranSerwer: [ Sun Apr 16 22:28:16 CEST 2023 ] New thread called Thread-2 was created 
[INFO] BazaDanych: [ Sun Apr 16 22:28:16 CEST 2023 ] Login from: 127.0.0.1 Nickname: a
[INFO] EkranSerwer: [ Sun Apr 16 22:28:17 CEST 2023 ] New thread called Thread-3 was created 
[INFO] BazaDanych: [ Sun Apr 16 22:28:17 CEST 2023 ] Unsuccessfull login try from: 192.168.0.12 Nickname: Jakis
[INFO] EkranSerwer: [ Sun Apr 16 22:28:18 CEST 2023 ] New thread called Thread-4 was created 
[INFO] EkranSerwer: [ Sun Apr 16 22:28:18 CEST 2023 ] New thread called Thread-5 was created 
[INFO] EkranSerwer: [ Sun Apr 16 22:28:18 CEST 2023 ] New thread called Thread-6 was created 
[INFO] EkranSerwer: [ Sun Apr 16 22:28:33 CEST 2023 ] New thread called Thread-7 was created 
[INFO] BazaDanych: [ Sun Apr 16 22:28:33 CEST 2023 ] Login from: 192.168.0.12 Nickname: Jakis
[INFO] EkranSerwer: [ Sun Apr 16 22:28:34 CEST 2023 ] New thread called Thread-8 was created 
[INFO] EkranSerwer: [ Sun Apr 16 22:28:40 CEST 2023 ] New thread called Thread-9 was created 
[INFO] EkranSerwer: [ Sun Apr 16 22:28:45 CEST 2023 ] New thread called Thread-10 was created 
[INFO] EkranSerwer: [ Sun Apr 16 22:28:45 CEST 2023 ] New thread called Thread-11 was created 
[INFO] EkranSerwer: [ Sun Apr 16 22:28:45 CEST 2023 ] New thread called Thread-12 was created 
[INFO] BazaDanych: [ Sun Apr 16 22:28:45 CEST 2023 ] New DVD reservation
[INFO] EkranSerwer: [ Sun Apr 16 22:28:47 CEST 2023 ] New thread called Thread-13 was created 
[INFO] BazaDanych: [ Sun Apr 16 22:28:47 CEST 2023 ] Changed count of DVD 42
[INFO] EkranSerwer: [ Sun Apr 16 22:28:49 CEST 2023 ] New thread called Thread-14 was created 
[INFO] EkranSerwer: [ Sun Apr 16 22:29:00 CEST 2023 ] New thread called Thread-15 was created 
[INFO] EkranSerwer: [ Sun Apr 16 22:29:00 CEST 2023 ] New thread called Thread-16 was created 
[INFO] EkranSerwer: [ Sun Apr 16 22:29:06 CEST 2023 ] New thread called Thread-17 was created 
[INFO] EkranSerwer: [ Sun Apr 16 22:29:06 CEST 2023 ] New thread called Thread-18 was created 
[INFO] EkranSerwer: [ Sun Apr 16 22:29:09 CEST 2023 ] New thread called Thread-19 was created 
[INFO] EkranSerwer: [ Sun Apr 16 22:29:18 CEST 2023 ] New thread called Thread-20 was created 
[INFO] EkranSerwer: [ Sun Apr 16 22:29:19 CEST 2023 ] New thread called Thread-21 was created 
[INFO] EkranSerwer: [ Sun Apr 16 22:29:20 CEST 2023 ] New thread called Thread-22 was created 
[INFO] EkranSerwer: [ Sun Apr 16 22:29:21 CEST 2023 ] New thread called Thread-23 was created 
[INFO] EkranSerwer: [ Sun Apr 16 22:29:24 CEST 2023 ] New thread called Thread-24 was created 
[INFO] EkranSerwer: [ Sun Apr 16 22:29:25 CEST 2023 ] New thread called Thread-25 was created 
[INFO] EkranSerwer: [ Sun Apr 16 22:29:26 CEST 2023 ] New thread called Thread-26 was created 
[INFO] EkranSerwer: [ Sun Apr 16 22:29:28 CEST 2023 ] New thread called Thread-27 was created 
[INFO] EkranSerwer: [ Sun Apr 16 22:29:34 CEST 2023 ] New thread called Thread-28 was created 
[INFO] EkranSerwer: [ Sun Apr 16 22:29:36 CEST 2023 ] New thread called Thread-29 was created 
[INFO] EkranSerwer: [ Sun Apr 16 22:29:36 CEST 2023 ] New thread called Thread-30 was created 
[INFO] EkranSerwer: [ Sun Apr 16 22:29:39 CEST 2023 ] New thread called Thread-31 was created 
[INFO] EkranSerwer: [ Sun Apr 16 22:29:39 CEST 2023 ] New thread called Thread-32 was created 
[INFO] BazaDanych: [ Sun Apr 16 22:29:39 CEST 2023 ] User 10 Returned DVD 42
[INFO] EkranSerwer: [ Sun Apr 16 22:29:39 CEST 2023 ] New thread called Thread-33 was created 
[INFO] BazaDanych: [ Sun Apr 16 22:29:39 CEST 2023 ] Changed count of DVD 42
[INFO] EkranSerwer: [ Sun Apr 16 22:29:42 CEST 2023 ] New thread called Thread-34 was created 
[INFO] EkranSerwer: [ Sun Apr 16 22:29:42 CEST 2023 ] New thread called Thread-35 was created 
[INFO] EkranSerwer: [ Sun Apr 16 22:29:46 CEST 2023 ] New thread called Thread-36 was created 
[INFO] BazaDanych: [ Sun Apr 16 22:29:46 CEST 2023 ] Logout from: 192.168.0.12 Nickname: Jakis
[INFO] EkranSerwer: [ Sun Apr 16 22:29:52 CEST 2023 ] New thread called Thread-37 was created 
[INFO] BazaDanych: [ Sun Apr 16 22:29:52 CEST 2023 ] Unsuccessfull login try from: 192.168.0.12 Nickname: a
[INFO] EkranSerwer: [ Sun Apr 16 22:29:56 CEST 2023 ] New thread called Thread-38 was created 
[INFO] BazaDanych: [ Sun Apr 16 22:29:56 CEST 2023 ] Logout from: 127.0.0.1 Nickname: a
[INFO] EkranSerwer: [ Sun Apr 16 22:30:03 CEST 2023 ] New thread called Thread-39 was created 
[INFO] BazaDanych: [ Sun Apr 16 22:30:03 CEST 2023 ] Login from: 192.168.0.12 Nickname: a
[INFO] EkranSerwer: [ Sun Apr 16 22:30:04 CEST 2023 ] New thread called Thread-40 was created 
[INFO] EkranSerwer: [ Sun Apr 16 22:30:05 CEST 2023 ] New thread called Thread-41 was created 
[INFO] EkranSerwer: [ Sun Apr 16 22:30:05 CEST 2023 ] New thread called Thread-42 was created 
[INFO] EkranSerwer: [ Sun Apr 16 22:30:14 CEST 2023 ] New thread called Thread-43 was created 
[INFO] BazaDanych: [ Sun Apr 16 22:30:14 CEST 2023 ] Unsuccessfull login try from: 127.0.0.1 Nickname: Jakies
[INFO] EkranSerwer: [ Sun Apr 16 22:30:20 CEST 2023 ] New thread called Thread-44 was created 
[INFO] BazaDanych: [ Sun Apr 16 22:30:20 CEST 2023 ] Login from: 127.0.0.1 Nickname: Jakis
[INFO] EkranSerwer: [ Sun Apr 16 22:30:21 CEST 2023 ] New thread called Thread-45 was created 
[INFO] EkranSerwer: [ Sun Apr 16 22:30:24 CEST 2023 ] New thread called Thread-46 was created 
[INFO] EkranSerwer: [ Sun Apr 16 22:30:24 CEST 2023 ] Thread called Thread-0 was deleted 
[INFO] EkranSerwer: [ Sun Apr 16 22:30:24 CEST 2023 ] Thread called Thread-2 was deleted 
[INFO] EkranSerwer: [ Sun Apr 16 22:30:24 CEST 2023 ] Thread called Thread-3 was deleted 
[INFO] EkranSerwer: [ Sun Apr 16 22:30:24 CEST 2023 ] Thread called Thread-4 was deleted 
[INFO] EkranSerwer: [ Sun Apr 16 22:30:24 CEST 2023 ] Thread called Thread-5 was deleted 
[INFO] EkranSerwer: [ Sun Apr 16 22:30:24 CEST 2023 ] Thread called Thread-6 was deleted 
[INFO] EkranSerwer: [ Sun Apr 16 22:30:24 CEST 2023 ] Thread called Thread-7 was deleted 
[INFO] EkranSerwer: [ Sun Apr 16 22:30:24 CEST 2023 ] Thread called Thread-8 was deleted 
[INFO] EkranSerwer: [ Sun Apr 16 22:30:24 CEST 2023 ] Thread called Thread-9 was deleted 
[INFO] EkranSerwer: [ Sun Apr 16 22:30:24 CEST 2023 ] Thread called Thread-10 was deleted 
[INFO] EkranSerwer: [ Sun Apr 16 22:30:24 CEST 2023 ] Thread called Thread-11 was deleted 
[INFO] EkranSerwer: [ Sun Apr 16 22:30:24 CEST 2023 ] Thread called Thread-12 was deleted 
[INFO] EkranSerwer: [ Sun Apr 16 22:30:24 CEST 2023 ] Thread called Thread-13 was deleted 
[INFO] EkranSerwer: [ Sun Apr 16 22:30:24 CEST 2023 ] Thread called Thread-14 was deleted 
[INFO] EkranSerwer: [ Sun Apr 16 22:30:24 CEST 2023 ] Thread called Thread-15 was deleted 
[INFO] EkranSerwer: [ Sun Apr 16 22:30:24 CEST 2023 ] Thread called Thread-16 was deleted 
[INFO] EkranSerwer: [ Sun Apr 16 22:30:24 CEST 2023 ] Thread called Thread-17 was deleted 
[INFO] EkranSerwer: [ Sun Apr 16 22:30:24 CEST 2023 ] Thread called Thread-18 was deleted 
[INFO] EkranSerwer: [ Sun Apr 16 22:30:24 CEST 2023 ] Thread called Thread-19 was deleted 
[INFO] EkranSerwer: [ Sun Apr 16 22:30:24 CEST 2023 ] Thread called Thread-20 was deleted 
[INFO] EkranSerwer: [ Sun Apr 16 22:30:24 CEST 2023 ] Thread called Thread-21 was deleted 
[INFO] EkranSerwer: [ Sun Apr 16 22:30:24 CEST 2023 ] Thread called Thread-22 was deleted 
[INFO] EkranSerwer: [ Sun Apr 16 22:30:24 CEST 2023 ] Thread called Thread-23 was deleted 
[INFO] EkranSerwer: [ Sun Apr 16 22:30:24 CEST 2023 ] Thread called Thread-24 was deleted 
[INFO] EkranSerwer: [ Sun Apr 16 22:30:24 CEST 2023 ] Thread called Thread-25 was deleted 
[INFO] EkranSerwer: [ Sun Apr 16 22:30:24 CEST 2023 ] Thread called Thread-26 was deleted 
[INFO] EkranSerwer: [ Sun Apr 16 22:30:24 CEST 2023 ] Thread called Thread-27 was deleted 
[INFO] EkranSerwer: [ Sun Apr 16 22:30:24 CEST 2023 ] Thread called Thread-28 was deleted 
[INFO] EkranSerwer: [ Sun Apr 16 22:30:24 CEST 2023 ] Thread called Thread-29 was deleted 
[INFO] EkranSerwer: [ Sun Apr 16 22:30:24 CEST 2023 ] Thread called Thread-30 was deleted 
[INFO] EkranSerwer: [ Sun Apr 16 22:30:24 CEST 2023 ] Thread called Thread-31 was deleted 
[INFO] EkranSerwer: [ Sun Apr 16 22:30:24 CEST 2023 ] Thread called Thread-32 was deleted 
[INFO] EkranSerwer: [ Sun Apr 16 22:30:24 CEST 2023 ] Thread called Thread-33 was deleted 
[INFO] EkranSerwer: [ Sun Apr 16 22:30:24 CEST 2023 ] Thread called Thread-34 was deleted 
[INFO] EkranSerwer: [ Sun Apr 16 22:30:24 CEST 2023 ] Thread called Thread-35 was deleted 
[INFO] EkranSerwer: [ Sun Apr 16 22:30:24 CEST 2023 ] Thread called Thread-36 was deleted 
[INFO] EkranSerwer: [ Sun Apr 16 22:30:24 CEST 2023 ] Thread called Thread-37 was deleted 
[INFO] EkranSerwer: [ Sun Apr 16 22:30:24 CEST 2023 ] Thread called Thread-38 was deleted 
[INFO] EkranSerwer: [ Sun Apr 16 22:30:24 CEST 2023 ] Thread called Thread-39 was deleted 
[INFO] EkranSerwer: [ Sun Apr 16 22:30:24 CEST 2023 ] Thread called Thread-40 was deleted 
[INFO] EkranSerwer: [ Sun Apr 16 22:30:24 CEST 2023 ] Thread called Thread-41 was deleted 
[INFO] EkranSerwer: [ Sun Apr 16 22:30:24 CEST 2023 ] Thread called Thread-42 was deleted 
[INFO] EkranSerwer: [ Sun Apr 16 22:30:24 CEST 2023 ] Thread called Thread-43 was deleted 
[INFO] EkranSerwer: [ Sun Apr 16 22:30:24 CEST 2023 ] Thread called Thread-44 was deleted 
[INFO] EkranSerwer: [ Sun Apr 16 22:30:24 CEST 2023 ] Thread called Thread-45 was deleted 
[INFO] EkranSerwer: [ Sun Apr 16 22:30:24 CEST 2023 ] Thread called Thread-46 was deleted 
[INFO] EkranSerwer: [ Sun Apr 16 22:30:24 CEST 2023 ] Server shutdown
[INFO] EkranSerwer: [ Mon Apr 17 09:28:49 CEST 2023 ] Server running
[INFO] EkranSerwer: [ Mon Apr 17 09:29:01 CEST 2023 ] New thread called Thread-0 was created 
[INFO] BazaDanych: [ Mon Apr 17 09:29:02 CEST 2023 ] Login from: 127.0.0.1 Nickname: a
[INFO] EkranSerwer: [ Mon Apr 17 09:29:02 CEST 2023 ] New thread called Thread-2 was created 
[INFO] EkranSerwer: [ Mon Apr 17 09:29:03 CEST 2023 ] New thread called Thread-3 was created 
[INFO] EkranSerwer: [ Mon Apr 17 09:29:03 CEST 2023 ] New thread called Thread-4 was created 
[INFO] EkranSerwer: [ Mon Apr 17 09:29:24 CEST 2023 ] New thread called Thread-5 was created 
[INFO] EkranSerwer: [ Mon Apr 17 09:29:27 CEST 2023 ] New thread called Thread-6 was created 
[INFO] EkranSerwer: [ Mon Apr 17 09:29:33 CEST 2023 ] New thread called Thread-7 was created 
[INFO] EkranSerwer: [ Mon Apr 17 09:29:34 CEST 2023 ] Thread called Thread-0 was deleted 
[INFO] EkranSerwer: [ Mon Apr 17 09:29:34 CEST 2023 ] Thread called Thread-2 was deleted 
[INFO] EkranSerwer: [ Mon Apr 17 09:29:34 CEST 2023 ] Thread called Thread-3 was deleted 
[INFO] EkranSerwer: [ Mon Apr 17 09:29:34 CEST 2023 ] Thread called Thread-4 was deleted 
[INFO] EkranSerwer: [ Mon Apr 17 09:29:34 CEST 2023 ] Thread called Thread-5 was deleted 
[INFO] EkranSerwer: [ Mon Apr 17 09:29:34 CEST 2023 ] Thread called Thread-6 was deleted 
[INFO] EkranSerwer: [ Mon Apr 17 09:29:34 CEST 2023 ] Thread called Thread-7 was deleted 
[INFO] EkranSerwer: [ Mon Apr 17 09:29:34 CEST 2023 ] Server shutdown
[INFO] EkranSerwer: [ Mon Apr 17 11:08:53 CEST 2023 ] Server running
[INFO] EkranSerwer: [ Mon Apr 17 11:09:12 CEST 2023 ] New thread called Thread-0 was created 
[INFO] BazaDanych: [ Mon Apr 17 11:09:13 CEST 2023 ] Login from: 127.0.0.1 Nickname: Jakis
[INFO] EkranSerwer: [ Mon Apr 17 11:09:14 CEST 2023 ] New thread called Thread-2 was created 
[INFO] EkranSerwer: [ Mon Apr 17 11:09:16 CEST 2023 ] New thread called Thread-3 was created 
[INFO] BazaDanych: [ Mon Apr 17 11:09:16 CEST 2023 ] Login from: 127.0.0.1 Nickname: a
[INFO] EkranSerwer: [ Mon Apr 17 11:09:17 CEST 2023 ] New thread called Thread-4 was created 
[INFO] EkranSerwer: [ Mon Apr 17 11:09:17 CEST 2023 ] New thread called Thread-5 was created 
[INFO] EkranSerwer: [ Mon Apr 17 11:09:17 CEST 2023 ] New thread called Thread-6 was created 
[INFO] EkranSerwer: [ Mon Apr 17 11:09:29 CEST 2023 ] New thread called Thread-7 was created 
[INFO] EkranSerwer: [ Mon Apr 17 11:09:32 CEST 2023 ] New thread called Thread-8 was created 
[INFO] EkranSerwer: [ Mon Apr 17 11:09:41 CEST 2023 ] New thread called Thread-9 was created 
[INFO] EkranSerwer: [ Mon Apr 17 11:09:41 CEST 2023 ] New thread called Thread-10 was created 
[INFO] EkranSerwer: [ Mon Apr 17 11:09:43 CEST 2023 ] New thread called Thread-11 was created 
[INFO] EkranSerwer: [ Mon Apr 17 11:09:43 CEST 2023 ] New thread called Thread-12 was created 
[INFO] EkranSerwer: [ Mon Apr 17 11:09:45 CEST 2023 ] New thread called Thread-13 was created 
[INFO] EkranSerwer: [ Mon Apr 17 11:09:45 CEST 2023 ] New thread called Thread-14 was created 
[INFO] EkranSerwer: [ Mon Apr 17 11:09:47 CEST 2023 ] New thread called Thread-15 was created 
[INFO] EkranSerwer: [ Mon Apr 17 11:09:53 CEST 2023 ] New thread called Thread-16 was created 
[INFO] EkranSerwer: [ Mon Apr 17 11:09:54 CEST 2023 ] New thread called Thread-17 was created 
[INFO] EkranSerwer: [ Mon Apr 17 11:10:07 CEST 2023 ] New thread called Thread-18 was created 
[INFO] EkranSerwer: [ Mon Apr 17 11:10:11 CEST 2023 ] New thread called Thread-19 was created 
[INFO] EkranSerwer: [ Mon Apr 17 11:10:11 CEST 2023 ] New thread called Thread-20 was created 
[INFO] EkranSerwer: [ Mon Apr 17 11:10:11 CEST 2023 ] New thread called Thread-21 was created 
[INFO] BazaDanych: [ Mon Apr 17 11:10:11 CEST 2023 ] New DVD reservation
[INFO] EkranSerwer: [ Mon Apr 17 11:10:11 CEST 2023 ] New thread called Thread-22 was created 
[INFO] BazaDanych: [ Mon Apr 17 11:10:12 CEST 2023 ] Changed count of DVD 42
[INFO] EkranSerwer: [ Mon Apr 17 11:10:14 CEST 2023 ] New thread called Thread-23 was created 
[INFO] EkranSerwer: [ Mon Apr 17 11:10:16 CEST 2023 ] New thread called Thread-24 was created 
[INFO] EkranSerwer: [ Mon Apr 17 11:10:17 CEST 2023 ] New thread called Thread-25 was created 
[INFO] EkranSerwer: [ Mon Apr 17 11:10:17 CEST 2023 ] New thread called Thread-26 was created 
[INFO] BazaDanych: [ Mon Apr 17 11:10:17 CEST 2023 ] User 10 Rented DVD 42
[INFO] EkranSerwer: [ Mon Apr 17 11:10:17 CEST 2023 ] New thread called Thread-27 was created 
[INFO] BazaDanych: [ Mon Apr 17 11:10:17 CEST 2023 ] Deleted reservation for DVD: 42 reservation by user: 10
[INFO] EkranSerwer: [ Mon Apr 17 11:10:17 CEST 2023 ] New thread called Thread-28 was created 
[INFO] EkranSerwer: [ Mon Apr 17 11:10:19 CEST 2023 ] New thread called Thread-29 was created 
[INFO] EkranSerwer: [ Mon Apr 17 11:10:19 CEST 2023 ] New thread called Thread-30 was created 
[INFO] EkranSerwer: [ Mon Apr 17 11:10:21 CEST 2023 ] New thread called Thread-31 was created 
[INFO] EkranSerwer: [ Mon Apr 17 11:10:21 CEST 2023 ] New thread called Thread-32 was created 
[INFO] EkranSerwer: [ Mon Apr 17 11:10:22 CEST 2023 ] New thread called Thread-33 was created 
[INFO] EkranSerwer: [ Mon Apr 17 11:10:23 CEST 2023 ] New thread called Thread-34 was created 
[INFO] EkranSerwer: [ Mon Apr 17 11:10:24 CEST 2023 ] New thread called Thread-35 was created 
[INFO] EkranSerwer: [ Mon Apr 17 11:10:27 CEST 2023 ] New thread called Thread-36 was created 
[INFO] EkranSerwer: [ Mon Apr 17 11:10:27 CEST 2023 ] New thread called Thread-37 was created 
[INFO] EkranSerwer: [ Mon Apr 17 11:10:35 CEST 2023 ] New thread called Thread-38 was created 
[INFO] EkranSerwer: [ Mon Apr 17 11:10:35 CEST 2023 ] New thread called Thread-39 was created 
[INFO] EkranSerwer: [ Mon Apr 17 11:10:38 CEST 2023 ] New thread called Thread-40 was created 
[INFO] BazaDanych: [ Mon Apr 17 11:10:38 CEST 2023 ] Logout from: 127.0.0.1 Nickname: Jakis
[INFO] EkranSerwer: [ Mon Apr 17 11:10:49 CEST 2023 ] New thread called Thread-41 was created 
[INFO] BazaDanych: [ Mon Apr 17 11:10:50 CEST 2023 ] Login from: 127.0.0.1 Nickname: Jakis
[INFO] EkranSerwer: [ Mon Apr 17 11:10:50 CEST 2023 ] New thread called Thread-42 was created 
[INFO] EkranSerwer: [ Mon Apr 17 11:10:52 CEST 2023 ] New thread called Thread-43 was created 
[INFO] EkranSerwer: [ Mon Apr 17 11:10:54 CEST 2023 ] New thread called Thread-44 was created 
[INFO] EkranSerwer: [ Mon Apr 17 11:10:56 CEST 2023 ] New thread called Thread-45 was created 
[INFO] EkranSerwer: [ Mon Apr 17 11:10:57 CEST 2023 ] New thread called Thread-46 was created 
[INFO] EkranSerwer: [ Mon Apr 17 11:10:57 CEST 2023 ] New thread called Thread-47 was created 
[INFO] EkranSerwer: [ Mon Apr 17 11:10:59 CEST 2023 ] New thread called Thread-48 was created 
[INFO] EkranSerwer: [ Mon Apr 17 11:10:59 CEST 2023 ] New thread called Thread-49 was created 
[INFO] EkranSerwer: [ Mon Apr 17 11:11:00 CEST 2023 ] New thread called Thread-50 was created 
[INFO] EkranSerwer: [ Mon Apr 17 11:11:03 CEST 2023 ] New thread called Thread-51 was created 
[INFO] EkranSerwer: [ Mon Apr 17 11:11:03 CEST 2023 ] New thread called Thread-52 was created 
[INFO] EkranSerwer: [ Mon Apr 17 11:11:04 CEST 2023 ] New thread called Thread-53 was created 
[INFO] EkranSerwer: [ Mon Apr 17 11:11:06 CEST 2023 ] New thread called Thread-54 was created 
[INFO] EkranSerwer: [ Mon Apr 17 11:11:07 CEST 2023 ] New thread called Thread-55 was created 
[INFO] EkranSerwer: [ Mon Apr 17 11:11:09 CEST 2023 ] New thread called Thread-56 was created 
[INFO] EkranSerwer: [ Mon Apr 17 11:11:11 CEST 2023 ] New thread called Thread-57 was created 
[INFO] EkranSerwer: [ Mon Apr 17 11:11:13 CEST 2023 ] New thread called Thread-58 was created 
[INFO] EkranSerwer: [ Mon Apr 17 11:11:13 CEST 2023 ] New thread called Thread-59 was created 
[INFO] EkranSerwer: [ Mon Apr 17 11:11:14 CEST 2023 ] New thread called Thread-60 was created 
[INFO] EkranSerwer: [ Mon Apr 17 11:11:15 CEST 2023 ] New thread called Thread-61 was created 
[INFO] EkranSerwer: [ Mon Apr 17 11:11:15 CEST 2023 ] New thread called Thread-62 was created 
[INFO] EkranSerwer: [ Mon Apr 17 11:11:18 CEST 2023 ] New thread called Thread-63 was created 
[INFO] EkranSerwer: [ Mon Apr 17 11:11:19 CEST 2023 ] New thread called Thread-64 was created 
[INFO] EkranSerwer: [ Mon Apr 17 11:11:20 CEST 2023 ] New thread called Thread-65 was created 
[INFO] EkranSerwer: [ Mon Apr 17 11:11:20 CEST 2023 ] New thread called Thread-66 was created 
[INFO] EkranSerwer: [ Mon Apr 17 11:11:23 CEST 2023 ] New thread called Thread-67 was created 
[INFO] EkranSerwer: [ Mon Apr 17 11:11:25 CEST 2023 ] New thread called Thread-68 was created 
[INFO] EkranSerwer: [ Mon Apr 17 11:11:25 CEST 2023 ] New thread called Thread-69 was created 
[INFO] EkranSerwer: [ Mon Apr 17 11:11:27 CEST 2023 ] New thread called Thread-70 was created 
[INFO] EkranSerwer: [ Mon Apr 17 11:11:27 CEST 2023 ] New thread called Thread-71 was created 
[INFO] EkranSerwer: [ Mon Apr 17 11:11:30 CEST 2023 ] New thread called Thread-72 was created 
[INFO] EkranSerwer: [ Mon Apr 17 11:11:31 CEST 2023 ] New thread called Thread-73 was created 
[INFO] EkranSerwer: [ Mon Apr 17 11:11:33 CEST 2023 ] New thread called Thread-74 was created 
[INFO] EkranSerwer: [ Mon Apr 17 11:11:35 CEST 2023 ] New thread called Thread-75 was created 
[INFO] EkranSerwer: [ Mon Apr 17 11:11:37 CEST 2023 ] New thread called Thread-76 was created 
[INFO] EkranSerwer: [ Mon Apr 17 11:11:43 CEST 2023 ] New thread called Thread-77 was created 
[INFO] EkranSerwer: [ Mon Apr 17 11:11:43 CEST 2023 ] New thread called Thread-78 was created 
[INFO] EkranSerwer: [ Mon Apr 17 11:11:44 CEST 2023 ] New thread called Thread-79 was created 
[INFO] EkranSerwer: [ Mon Apr 17 11:11:44 CEST 2023 ] New thread called Thread-80 was created 
[INFO] EkranSerwer: [ Mon Apr 17 11:11:46 CEST 2023 ] New thread called Thread-81 was created 
[INFO] EkranSerwer: [ Mon Apr 17 11:11:48 CEST 2023 ] New thread called Thread-82 was created 
[INFO] EkranSerwer: [ Mon Apr 17 11:11:50 CEST 2023 ] New thread called Thread-83 was created 
[INFO] EkranSerwer: [ Mon Apr 17 11:11:59 CEST 2023 ] New thread called Thread-84 was created 
[INFO] BazaDanych: [ Mon Apr 17 11:11:59 CEST 2023 ] Logout from: 127.0.0.1 Nickname: Jakis
[INFO] EkranSerwer: [ Mon Apr 17 11:12:06 CEST 2023 ] New thread called Thread-85 was created 
[INFO] BazaDanych: [ Mon Apr 17 11:12:06 CEST 2023 ] Logout from: 127.0.0.1 Nickname: a
[INFO] EkranSerwer: [ Mon Apr 17 11:12:33 CEST 2023 ] New thread called Thread-86 was created 
[INFO] EkranSerwer: [ Mon Apr 17 11:12:33 CEST 2023 ] Thread called Thread-0 was deleted 
[INFO] EkranSerwer: [ Mon Apr 17 11:12:33 CEST 2023 ] Thread called Thread-2 was deleted 
[INFO] EkranSerwer: [ Mon Apr 17 11:12:33 CEST 2023 ] Thread called Thread-3 was deleted 
[INFO] EkranSerwer: [ Mon Apr 17 11:12:33 CEST 2023 ] Thread called Thread-4 was deleted 
[INFO] EkranSerwer: [ Mon Apr 17 11:12:33 CEST 2023 ] Thread called Thread-5 was deleted 
[INFO] EkranSerwer: [ Mon Apr 17 11:12:33 CEST 2023 ] Thread called Thread-6 was deleted 
[INFO] EkranSerwer: [ Mon Apr 17 11:12:33 CEST 2023 ] Thread called Thread-7 was deleted 
[INFO] EkranSerwer: [ Mon Apr 17 11:12:33 CEST 2023 ] Thread called Thread-8 was deleted 
[INFO] EkranSerwer: [ Mon Apr 17 11:12:33 CEST 2023 ] Thread called Thread-9 was deleted 
[INFO] EkranSerwer: [ Mon Apr 17 11:12:33 CEST 2023 ] Thread called Thread-10 was deleted 
[INFO] EkranSerwer: [ Mon Apr 17 11:12:33 CEST 2023 ] Thread called Thread-11 was deleted 
[INFO] EkranSerwer: [ Mon Apr 17 11:12:33 CEST 2023 ] Thread called Thread-12 was deleted 
[INFO] EkranSerwer: [ Mon Apr 17 11:12:33 CEST 2023 ] Thread called Thread-13 was deleted 
[INFO] EkranSerwer: [ Mon Apr 17 11:12:33 CEST 2023 ] Thread called Thread-14 was deleted 
[INFO] EkranSerwer: [ Mon Apr 17 11:12:33 CEST 2023 ] Thread called Thread-15 was deleted 
[INFO] EkranSerwer: [ Mon Apr 17 11:12:33 CEST 2023 ] Thread called Thread-16 was deleted 
[INFO] EkranSerwer: [ Mon Apr 17 11:12:33 CEST 2023 ] Thread called Thread-17 was deleted 
[INFO] EkranSerwer: [ Mon Apr 17 11:12:33 CEST 2023 ] Thread called Thread-18 was deleted 
[INFO] EkranSerwer: [ Mon Apr 17 11:12:33 CEST 2023 ] Thread called Thread-19 was deleted 
[INFO] EkranSerwer: [ Mon Apr 17 11:12:33 CEST 2023 ] Thread called Thread-20 was deleted 
[INFO] EkranSerwer: [ Mon Apr 17 11:12:33 CEST 2023 ] Thread called Thread-21 was deleted 
[INFO] EkranSerwer: [ Mon Apr 17 11:12:33 CEST 2023 ] Thread called Thread-22 was deleted 
[INFO] EkranSerwer: [ Mon Apr 17 11:12:33 CEST 2023 ] Thread called Thread-23 was deleted 
[INFO] EkranSerwer: [ Mon Apr 17 11:12:33 CEST 2023 ] Thread called Thread-24 was deleted 
[INFO] EkranSerwer: [ Mon Apr 17 11:12:33 CEST 2023 ] Thread called Thread-25 was deleted 
[INFO] EkranSerwer: [ Mon Apr 17 11:12:33 CEST 2023 ] Thread called Thread-26 was deleted 
[INFO] EkranSerwer: [ Mon Apr 17 11:12:33 CEST 2023 ] Thread called Thread-27 was deleted 
[INFO] EkranSerwer: [ Mon Apr 17 11:12:33 CEST 2023 ] Thread called Thread-28 was deleted 
[INFO] EkranSerwer: [ Mon Apr 17 11:12:33 CEST 2023 ] Thread called Thread-29 was deleted 
[INFO] EkranSerwer: [ Mon Apr 17 11:12:33 CEST 2023 ] Thread called Thread-30 was deleted 
[INFO] EkranSerwer: [ Mon Apr 17 11:12:33 CEST 2023 ] Thread called Thread-31 was deleted 
[INFO] EkranSerwer: [ Mon Apr 17 11:12:33 CEST 2023 ] Thread called Thread-32 was deleted 
[INFO] EkranSerwer: [ Mon Apr 17 11:12:33 CEST 2023 ] Thread called Thread-33 was deleted 
[INFO] EkranSerwer: [ Mon Apr 17 11:12:33 CEST 2023 ] Thread called Thread-34 was deleted 
[INFO] EkranSerwer: [ Mon Apr 17 11:12:33 CEST 2023 ] Thread called Thread-35 was deleted 
[INFO] EkranSerwer: [ Mon Apr 17 11:12:33 CEST 2023 ] Thread called Thread-36 was deleted 
[INFO] EkranSerwer: [ Mon Apr 17 11:12:33 CEST 2023 ] Thread called Thread-37 was deleted 
[INFO] EkranSerwer: [ Mon Apr 17 11:12:33 CEST 2023 ] Thread called Thread-38 was deleted 
[INFO] EkranSerwer: [ Mon Apr 17 11:12:33 CEST 2023 ] Thread called Thread-39 was deleted 
[INFO] EkranSerwer: [ Mon Apr 17 11:12:33 CEST 2023 ] Thread called Thread-40 was deleted 
[INFO] EkranSerwer: [ Mon Apr 17 11:12:33 CEST 2023 ] Thread called Thread-41 was deleted 
[INFO] EkranSerwer: [ Mon Apr 17 11:12:33 CEST 2023 ] Thread called Thread-42 was deleted 
[INFO] EkranSerwer: [ Mon Apr 17 11:12:33 CEST 2023 ] Thread called Thread-43 was deleted 
[INFO] EkranSerwer: [ Mon Apr 17 11:12:33 CEST 2023 ] Thread called Thread-44 was deleted 
[INFO] EkranSerwer: [ Mon Apr 17 11:12:33 CEST 2023 ] Thread called Thread-45 was deleted 
[INFO] EkranSerwer: [ Mon Apr 17 11:12:33 CEST 2023 ] Thread called Thread-46 was deleted 
[INFO] EkranSerwer: [ Mon Apr 17 11:12:33 CEST 2023 ] Thread called Thread-47 was deleted 
[INFO] EkranSerwer: [ Mon Apr 17 11:12:33 CEST 2023 ] Thread called Thread-48 was deleted 
[INFO] EkranSerwer: [ Mon Apr 17 11:12:33 CEST 2023 ] Thread called Thread-49 was deleted 
[INFO] EkranSerwer: [ Mon Apr 17 11:12:33 CEST 2023 ] Thread called Thread-50 was deleted 
[INFO] EkranSerwer: [ Mon Apr 17 11:12:33 CEST 2023 ] Thread called Thread-51 was deleted 
[INFO] EkranSerwer: [ Mon Apr 17 11:12:33 CEST 2023 ] Thread called Thread-52 was deleted 
[INFO] EkranSerwer: [ Mon Apr 17 11:12:33 CEST 2023 ] Thread called Thread-53 was deleted 
[INFO] EkranSerwer: [ Mon Apr 17 11:12:33 CEST 2023 ] Thread called Thread-54 was deleted 
[INFO] EkranSerwer: [ Mon Apr 17 11:12:33 CEST 2023 ] Thread called Thread-55 was deleted 
[INFO] EkranSerwer: [ Mon Apr 17 11:12:33 CEST 2023 ] Thread called Thread-56 was deleted 
[INFO] EkranSerwer: [ Mon Apr 17 11:12:33 CEST 2023 ] Thread called Thread-57 was deleted 
[INFO] EkranSerwer: [ Mon Apr 17 11:12:33 CEST 2023 ] Thread called Thread-58 was deleted 
[INFO] EkranSerwer: [ Mon Apr 17 11:12:33 CEST 2023 ] Thread called Thread-59 was deleted 
[INFO] EkranSerwer: [ Mon Apr 17 11:12:33 CEST 2023 ] Thread called Thread-60 was deleted 
[INFO] EkranSerwer: [ Mon Apr 17 11:12:33 CEST 2023 ] Thread called Thread-61 was deleted 
[INFO] EkranSerwer: [ Mon Apr 17 11:12:33 CEST 2023 ] Thread called Thread-62 was deleted 
[INFO] EkranSerwer: [ Mon Apr 17 11:12:33 CEST 2023 ] Thread called Thread-63 was deleted 
[INFO] EkranSerwer: [ Mon Apr 17 11:12:33 CEST 2023 ] Thread called Thread-64 was deleted 
[INFO] EkranSerwer: [ Mon Apr 17 11:12:33 CEST 2023 ] Thread called Thread-65 was deleted 
[INFO] EkranSerwer: [ Mon Apr 17 11:12:33 CEST 2023 ] Thread called Thread-66 was deleted 
[INFO] EkranSerwer: [ Mon Apr 17 11:12:33 CEST 2023 ] Thread called Thread-67 was deleted 
[INFO] EkranSerwer: [ Mon Apr 17 11:12:33 CEST 2023 ] Thread called Thread-68 was deleted 
[INFO] EkranSerwer: [ Mon Apr 17 11:12:33 CEST 2023 ] Thread called Thread-69 was deleted 
[INFO] EkranSerwer: [ Mon Apr 17 11:12:33 CEST 2023 ] Thread called Thread-70 was deleted 
[INFO] EkranSerwer: [ Mon Apr 17 11:12:33 CEST 2023 ] Thread called Thread-71 was deleted 
[INFO] EkranSerwer: [ Mon Apr 17 11:12:33 CEST 2023 ] Thread called Thread-72 was deleted 
[INFO] EkranSerwer: [ Mon Apr 17 11:12:33 CEST 2023 ] Thread called Thread-73 was deleted 
[INFO] EkranSerwer: [ Mon Apr 17 11:12:33 CEST 2023 ] Thread called Thread-74 was deleted 
[INFO] EkranSerwer: [ Mon Apr 17 11:12:33 CEST 2023 ] Thread called Thread-75 was deleted 
[INFO] EkranSerwer: [ Mon Apr 17 11:12:33 CEST 2023 ] Thread called Thread-76 was deleted 
[INFO] EkranSerwer: [ Mon Apr 17 11:12:33 CEST 2023 ] Thread called Thread-77 was deleted 
[INFO] EkranSerwer: [ Mon Apr 17 11:12:33 CEST 2023 ] Thread called Thread-78 was deleted 
[INFO] EkranSerwer: [ Mon Apr 17 11:12:33 CEST 2023 ] Thread called Thread-79 was deleted 
[INFO] EkranSerwer: [ Mon Apr 17 11:12:33 CEST 2023 ] Thread called Thread-80 was deleted 
[INFO] EkranSerwer: [ Mon Apr 17 11:12:33 CEST 2023 ] Thread called Thread-81 was deleted 
[INFO] EkranSerwer: [ Mon Apr 17 11:12:33 CEST 2023 ] Thread called Thread-82 was deleted 
[INFO] EkranSerwer: [ Mon Apr 17 11:12:33 CEST 2023 ] Thread called Thread-83 was deleted 
[INFO] EkranSerwer: [ Mon Apr 17 11:12:33 CEST 2023 ] Thread called Thread-84 was deleted 
[INFO] EkranSerwer: [ Mon Apr 17 11:12:33 CEST 2023 ] Thread called Thread-85 was deleted 
[INFO] EkranSerwer: [ Mon Apr 17 11:12:33 CEST 2023 ] Thread called Thread-86 was deleted 
[INFO] EkranSerwer: [ Mon Apr 17 11:12:33 CEST 2023 ] Server shutdown
[INFO] EkranSerwer: [ Mon Apr 17 21:25:35 CEST 2023 ] Server running
[INFO] EkranSerwer: [ Mon Apr 17 21:25:37 CEST 2023 ] New thread called Thread-0 was created 
[INFO] EkranSerwer: [ Mon Apr 17 21:25:37 CEST 2023 ] Thread called Thread-0 was deleted 
[INFO] EkranSerwer: [ Mon Apr 17 21:25:37 CEST 2023 ] Server shutdown
[INFO] EkranSerwer: [ Mon Apr 17 23:09:18 CEST 2023 ] Server running
[INFO] EkranSerwer: [ Mon Apr 17 23:09:20 CEST 2023 ] New thread called Thread-0 was created 
[INFO] EkranSerwer: [ Mon Apr 17 23:09:20 CEST 2023 ] Thread called Thread-0 was deleted 
[INFO] EkranSerwer: [ Mon Apr 17 23:09:20 CEST 2023 ] Server shutdown
[INFO] EkranSerwer: [ Mon Apr 17 14:29:23 CEST 2023 ] Server running
[INFO] EkranSerwer: [ Mon Apr 17 14:29:49 CEST 2023 ] New IP: 192.168.173.148 for connection to database was set
[INFO] EkranSerwer: [ Mon Apr 17 14:30:04 CEST 2023 ] New thread called Thread-0 was created 
[FATAL] BazaDanych: [ Mon Apr 17 14:30:05 CEST 2023 ] Błąd we-wy: The Network Adapter could not establish the connection (CONNECTION_ID=KBdtxKmYRBGNRYgK8Ht1iQ==)
[FATAL] EkranSerwer: [ Mon Apr 17 14:30:05 CEST 2023 ] Database no connection
[ERROR] EkranSerwer: [ Mon Apr 17 14:30:05 CEST 2023 ] Cannot invoke "String.length()" because "str" is null
[INFO] EkranSerwer: [ Mon Apr 17 14:30:37 CEST 2023 ] Server shutdown
[INFO] EkranSerwer: [ Mon Apr 17 23:08:51 CEST 2023 ] Server running
[INFO] EkranSerwer: [ Mon Apr 17 23:10:07 CEST 2023 ] New thread called Thread-0 was created 
[FATAL] BazaDanych: [ Mon Apr 17 23:10:08 CEST 2023 ] Błąd we-wy: The Network Adapter could not establish the connection (CONNECTION_ID=ep2Bu1VjSlSUDl3DRrn+dg==)
[FATAL] EkranSerwer: [ Mon Apr 17 23:10:08 CEST 2023 ] Database no connection
[ERROR] EkranSerwer: [ Mon Apr 17 23:10:08 CEST 2023 ] Cannot invoke "String.length()" because "str" is null
[INFO] EkranSerwer: [ Mon Apr 17 23:10:29 CEST 2023 ] New IP: 192.168.173.148 for connection to database was set
[INFO] EkranSerwer: [ Mon Apr 17 23:10:33 CEST 2023 ] New thread called Thread-2 was created 
[FATAL] BazaDanych: [ Mon Apr 17 23:10:33 CEST 2023 ] Błąd we-wy: The Network Adapter could not establish the connection (CONNECTION_ID=8A0PTiweRXuT/ELwJ1q0AA==)
[FATAL] EkranSerwer: [ Mon Apr 17 23:10:33 CEST 2023 ] Database no connection
[ERROR] EkranSerwer: [ Mon Apr 17 23:10:33 CEST 2023 ] Cannot invoke "String.length()" because "str" is null
[INFO] EkranSerwer: [ Mon Apr 17 23:11:25 CEST 2023 ] Server shutdown
[INFO] EkranSerwer: [ Mon Apr 17 23:39:11 CEST 2023 ] Server running
[INFO] EkranSerwer: [ Mon Apr 17 23:39:18 CEST 2023 ] New IP: 192.168.173.148 for connection to database was set
[INFO] EkranSerwer: [ Mon Apr 17 23:39:54 CEST 2023 ] New thread called Thread-0 was created 
[INFO] BazaDanych: [ Mon Apr 17 23:39:55 CEST 2023 ] Unsuccessfull login try from: 192.168.173.210 Nickname: a
[INFO] EkranSerwer: [ Mon Apr 17 23:40:04 CEST 2023 ] New thread called Thread-2 was created 
[INFO] BazaDanych: [ Mon Apr 17 23:40:05 CEST 2023 ] Unsuccessfull login try from: 192.168.173.210 Nickname: admin
[INFO] EkranSerwer: [ Mon Apr 17 23:40:13 CEST 2023 ] New thread called Thread-3 was created 
[INFO] BazaDanych: [ Mon Apr 17 23:40:13 CEST 2023 ] Unsuccessfull login try from: 192.168.173.210 Nickname: admin
[INFO] EkranSerwer: [ Mon Apr 17 23:40:28 CEST 2023 ] New thread called Thread-4 was created 
[INFO] BazaDanych: [ Mon Apr 17 23:40:28 CEST 2023 ] Unsuccessfull login try from: 192.168.173.210 Nickname: a
[INFO] EkranSerwer: [ Mon Apr 17 23:40:32 CEST 2023 ] New thread called Thread-5 was created 
[INFO] BazaDanych: [ Mon Apr 17 23:40:33 CEST 2023 ] Login from: 192.168.173.210 Nickname: a
[INFO] EkranSerwer: [ Mon Apr 17 23:40:33 CEST 2023 ] New thread called Thread-6 was created 
[INFO] EkranSerwer: [ Mon Apr 17 23:40:34 CEST 2023 ] New thread called Thread-7 was created 
[INFO] EkranSerwer: [ Mon Apr 17 23:40:34 CEST 2023 ] New thread called Thread-8 was created 
[INFO] EkranSerwer: [ Mon Apr 17 23:40:36 CEST 2023 ] New thread called Thread-9 was created 
[INFO] EkranSerwer: [ Mon Apr 17 23:40:41 CEST 2023 ] New thread called Thread-10 was created 
[INFO] EkranSerwer: [ Mon Apr 17 23:40:43 CEST 2023 ] New thread called Thread-11 was created 
[INFO] EkranSerwer: [ Mon Apr 17 23:43:58 CEST 2023 ] New thread called Thread-12 was created 
[INFO] BazaDanych: [ Mon Apr 17 23:43:58 CEST 2023 ] Logout from: 192.168.173.210 Nickname: a
[INFO] EkranSerwer: [ Mon Apr 17 23:44:56 CEST 2023 ] New thread called Thread-13 was created 
[INFO] BazaDanych: [ Mon Apr 17 23:44:56 CEST 2023 ] Login from: 192.168.173.210 Nickname: a
[INFO] EkranSerwer: [ Mon Apr 17 23:44:57 CEST 2023 ] New thread called Thread-14 was created 
[INFO] EkranSerwer: [ Mon Apr 17 23:44:57 CEST 2023 ] New thread called Thread-15 was created 
[INFO] EkranSerwer: [ Mon Apr 17 23:44:57 CEST 2023 ] New thread called Thread-16 was created 
[INFO] EkranSerwer: [ Mon Apr 17 23:45:00 CEST 2023 ] New thread called Thread-17 was created 
[INFO] EkranSerwer: [ Mon Apr 17 23:45:03 CEST 2023 ] New thread called Thread-18 was created 
[INFO] EkranSerwer: [ Mon Apr 17 23:48:35 CEST 2023 ] New thread called Thread-19 was created 
[INFO] BazaDanych: [ Mon Apr 17 23:48:35 CEST 2023 ] Unsuccessfull login try from: 192.168.173.148 Nickname: a
[INFO] EkranSerwer: [ Mon Apr 17 23:48:40 CEST 2023 ] New thread called Thread-20 was created 
[INFO] BazaDanych: [ Mon Apr 17 23:48:40 CEST 2023 ] Logout from: 192.168.173.210 Nickname: a
[INFO] EkranSerwer: [ Mon Apr 17 23:48:49 CEST 2023 ] New thread called Thread-21 was created 
[INFO] BazaDanych: [ Mon Apr 17 23:48:49 CEST 2023 ] Login from: 192.168.173.148 Nickname: a
[INFO] EkranSerwer: [ Mon Apr 17 23:48:50 CEST 2023 ] New thread called Thread-22 was created 
[INFO] EkranSerwer: [ Mon Apr 17 23:48:51 CEST 2023 ] New thread called Thread-23 was created 
[INFO] EkranSerwer: [ Mon Apr 17 23:48:51 CEST 2023 ] New thread called Thread-24 was created 
[INFO] EkranSerwer: [ Mon Apr 17 23:48:55 CEST 2023 ] New thread called Thread-25 was created 
[INFO] EkranSerwer: [ Mon Apr 17 23:48:59 CEST 2023 ] New thread called Thread-26 was created 
[INFO] EkranSerwer: [ Mon Apr 17 23:49:23 CEST 2023 ] New thread called Thread-27 was created 
[INFO] BazaDanych: [ Mon Apr 17 23:49:23 CEST 2023 ] Logout from: 192.168.173.148 Nickname: a
[INFO] EkranSerwer: [ Mon Apr 17 23:50:35 CEST 2023 ] New thread called Thread-28 was created 
[INFO] BazaDanych: [ Mon Apr 17 23:50:35 CEST 2023 ] Unsuccessfull login try from: 192.168.173.148 Nickname: a
[INFO] EkranSerwer: [ Mon Apr 17 23:50:41 CEST 2023 ] New thread called Thread-29 was created 
[INFO] BazaDanych: [ Mon Apr 17 23:50:41 CEST 2023 ] Login from: 192.168.173.148 Nickname: a
[INFO] EkranSerwer: [ Mon Apr 17 23:50:42 CEST 2023 ] New thread called Thread-30 was created 
[INFO] EkranSerwer: [ Mon Apr 17 23:50:42 CEST 2023 ] New thread called Thread-31 was created 
[INFO] EkranSerwer: [ Mon Apr 17 23:50:43 CEST 2023 ] New thread called Thread-32 was created 
[INFO] EkranSerwer: [ Mon Apr 17 23:50:47 CEST 2023 ] New thread called Thread-33 was created 
[INFO] EkranSerwer: [ Mon Apr 17 23:50:49 CEST 2023 ] New thread called Thread-34 was created 
[INFO] EkranSerwer: [ Mon Apr 17 23:51:05 CEST 2023 ] New thread called Thread-35 was created 
[INFO] BazaDanych: [ Mon Apr 17 23:51:05 CEST 2023 ] Edited client 2
[INFO] EkranSerwer: [ Mon Apr 17 23:51:28 CEST 2023 ] New thread called Thread-36 was created 
[INFO] BazaDanych: [ Mon Apr 17 23:51:28 CEST 2023 ] Register from: 192.168.173.148 Nickname: Marek
[INFO] EkranSerwer: [ Mon Apr 17 23:51:32 CEST 2023 ] New thread called Thread-37 was created 
[INFO] BazaDanych: [ Mon Apr 17 23:51:32 CEST 2023 ] Logout from: 192.168.173.148 Nickname: a
[INFO] EkranSerwer: [ Mon Apr 17 23:51:38 CEST 2023 ] New thread called Thread-38 was created 
[INFO] BazaDanych: [ Mon Apr 17 23:51:38 CEST 2023 ] Login from: 192.168.173.148 Nickname: Marek
[INFO] EkranSerwer: [ Mon Apr 17 23:51:39 CEST 2023 ] New thread called Thread-39 was created 
[INFO] EkranSerwer: [ Mon Apr 17 23:51:41 CEST 2023 ] New thread called Thread-40 was created 
[INFO] EkranSerwer: [ Mon Apr 17 23:51:44 CEST 2023 ] New thread called Thread-41 was created 
[INFO] EkranSerwer: [ Mon Apr 17 23:51:48 CEST 2023 ] New thread called Thread-42 was created 
[INFO] BazaDanych: [ Mon Apr 17 23:51:48 CEST 2023 ] Logout from: 192.168.173.148 Nickname: Marek
[FATAL] EkranSerwer: [ Mon Apr 17 23:51:52 CEST 2023 ] Database no connection
[ERROR] EkranSerwer: [ Mon Apr 17 23:51:52 CEST 2023 ] Connection reset
[INFO] EkranSerwer: [ Mon Apr 17 23:52:24 CEST 2023 ] New thread called Thread-43 was created 
[INFO] BazaDanych: [ Mon Apr 17 23:52:24 CEST 2023 ] Login from: 127.0.0.1 Nickname: a
[INFO] EkranSerwer: [ Mon Apr 17 23:52:25 CEST 2023 ] New thread called Thread-44 was created 
[INFO] EkranSerwer: [ Mon Apr 17 23:52:25 CEST 2023 ] New thread called Thread-45 was created 
[INFO] EkranSerwer: [ Mon Apr 17 23:52:26 CEST 2023 ] New thread called Thread-46 was created 
[INFO] EkranSerwer: [ Mon Apr 17 23:52:29 CEST 2023 ] New thread called Thread-47 was created 
[INFO] EkranSerwer: [ Mon Apr 17 23:52:32 CEST 2023 ] New thread called Thread-48 was created 
[INFO] EkranSerwer: [ Mon Apr 17 23:53:26 CEST 2023 ] New thread called Thread-49 was created 
[INFO] BazaDanych: [ Mon Apr 17 23:53:26 CEST 2023 ] Edited client 3
[INFO] EkranSerwer: [ Mon Apr 17 23:54:23 CEST 2023 ] New thread called Thread-50 was created 
[INFO] BazaDanych: [ Mon Apr 17 23:54:23 CEST 2023 ] Register from: 127.0.0.1 Nickname: Pawel
[INFO] EkranSerwer: [ Mon Apr 17 23:54:25 CEST 2023 ] New thread called Thread-51 was created 
[INFO] EkranSerwer: [ Mon Apr 17 23:54:34 CEST 2023 ] New thread called Thread-52 was created 
[INFO] BazaDanych: [ Mon Apr 17 23:54:34 CEST 2023 ] Logout from: 127.0.0.1 Nickname: a
[INFO] EkranSerwer: [ Mon Apr 17 23:55:02 CEST 2023 ] New thread called Thread-53 was created 
[INFO] BazaDanych: [ Mon Apr 17 23:55:02 CEST 2023 ] Login from: 127.0.0.1 Nickname: a
[INFO] EkranSerwer: [ Mon Apr 17 23:55:03 CEST 2023 ] New thread called Thread-54 was created 
[INFO] EkranSerwer: [ Mon Apr 17 23:55:03 CEST 2023 ] New thread called Thread-55 was created 
[INFO] EkranSerwer: [ Mon Apr 17 23:55:03 CEST 2023 ] New thread called Thread-56 was created 
[INFO] EkranSerwer: [ Mon Apr 17 23:55:06 CEST 2023 ] New thread called Thread-57 was created 
[INFO] EkranSerwer: [ Mon Apr 17 23:55:09 CEST 2023 ] New thread called Thread-58 was created 
[INFO] EkranSerwer: [ Mon Apr 17 23:55:15 CEST 2023 ] New thread called Thread-59 was created 
[INFO] BazaDanych: [ Mon Apr 17 23:55:16 CEST 2023 ] Edited client 4
[INFO] EkranSerwer: [ Mon Apr 17 23:55:20 CEST 2023 ] New thread called Thread-60 was created 
[INFO] BazaDanych: [ Mon Apr 17 23:55:20 CEST 2023 ] Logout from: 127.0.0.1 Nickname: a
[INFO] EkranSerwer: [ Mon Apr 17 23:55:27 CEST 2023 ] Server shutdown
[INFO] EkranSerwer: [ Mon Apr 17 23:56:45 CEST 2023 ] Server running
[INFO] EkranSerwer: [ Mon Apr 17 23:56:52 CEST 2023 ] New IP: 192.168.173.148 for connection to database was set
[INFO] EkranSerwer: [ Mon Apr 17 23:58:06 CEST 2023 ] New thread called Thread-0 was created 
[INFO] BazaDanych: [ Mon Apr 17 23:58:07 CEST 2023 ] Login from: 192.168.173.210 Nickname: a
[INFO] EkranSerwer: [ Mon Apr 17 23:58:08 CEST 2023 ] New thread called Thread-2 was created 
[INFO] EkranSerwer: [ Mon Apr 17 23:58:08 CEST 2023 ] New thread called Thread-3 was created 
[INFO] EkranSerwer: [ Mon Apr 17 23:58:08 CEST 2023 ] New thread called Thread-4 was created 
[INFO] EkranSerwer: [ Mon Apr 17 23:58:14 CEST 2023 ] New thread called Thread-5 was created 
[INFO] EkranSerwer: [ Mon Apr 17 23:58:16 CEST 2023 ] New thread called Thread-6 was created 
[INFO] EkranSerwer: [ Mon Apr 17 23:58:45 CEST 2023 ] New thread called Thread-7 was created 
[INFO] EkranSerwer: [ Mon Apr 17 23:58:46 CEST 2023 ] Thread called Thread-0 was deleted 
[INFO] EkranSerwer: [ Mon Apr 17 23:58:46 CEST 2023 ] Thread called Thread-2 was deleted 
[INFO] EkranSerwer: [ Mon Apr 17 23:58:46 CEST 2023 ] Thread called Thread-3 was deleted 
[INFO] EkranSerwer: [ Mon Apr 17 23:58:46 CEST 2023 ] Thread called Thread-4 was deleted 
[INFO] EkranSerwer: [ Mon Apr 17 23:58:46 CEST 2023 ] Thread called Thread-5 was deleted 
[INFO] EkranSerwer: [ Mon Apr 17 23:58:46 CEST 2023 ] Thread called Thread-6 was deleted 
[INFO] EkranSerwer: [ Mon Apr 17 23:58:46 CEST 2023 ] Thread called Thread-7 was deleted 
[INFO] EkranSerwer: [ Mon Apr 17 23:58:46 CEST 2023 ] Server shutdown
[INFO] EkranSerwer: [ Wed Apr 19 14:58:35 CEST 2023 ] Server running
[INFO] EkranSerwer: [ Wed Apr 19 14:58:37 CEST 2023 ] New thread called Thread-0 was created 
[INFO] EkranSerwer: [ Wed Apr 19 14:58:38 CEST 2023 ] Thread called Thread-0 was deleted 
[INFO] EkranSerwer: [ Wed Apr 19 14:58:38 CEST 2023 ] Server shutdown
[INFO] EkranSerwer: [ Wed Apr 19 16:36:04 CEST 2023 ] Server running
[INFO] EkranSerwer: [ Wed Apr 19 16:36:07 CEST 2023 ] New thread called Thread-0 was created 
[INFO] EkranSerwer: [ Wed Apr 19 16:36:08 CEST 2023 ] Thread called Thread-0 was deleted 
[INFO] EkranSerwer: [ Wed Apr 19 16:36:08 CEST 2023 ] Server shutdown
[INFO] EkranSerwer: [ Sun Apr 23 18:33:35 CEST 2023 ] Server running
[INFO] EkranSerwer: [ Sun Apr 23 18:33:36 CEST 2023 ] New thread called Thread-0 was created 
[INFO] EkranSerwer: [ Sun Apr 23 18:33:37 CEST 2023 ] Thread called Thread-0 was deleted 
[INFO] EkranSerwer: [ Sun Apr 23 18:33:37 CEST 2023 ] Server shutdown
[INFO] EkranSerwer: [ Thu Apr 27 09:40:28 CEST 2023 ] Server running
[INFO] EkranSerwer: [ Thu Apr 27 09:40:50 CEST 2023 ] New thread called Thread-0 was created 
[INFO] EkranSerwer: [ Thu Apr 27 09:40:50 CEST 2023 ] Thread called Thread-0 was deleted 
[INFO] EkranSerwer: [ Thu Apr 27 09:40:50 CEST 2023 ] Server shutdown
